2022-01-31 09:12:29,411 | Using device: cuda
2022-01-31 09:12:29,637 | Dataset loaded
2022-01-31 09:12:41,384 | Loading checkpoint for model b4_m0_380
2022-01-31 09:12:50,358 | Train Epoch 110/500 | Batch 0/4783 | Loss 0.0005 | Acc 1.0000 
2022-01-31 09:13:17,131 | Train Epoch 110/500 | Batch 50/4783 | Loss 0.0005 | Acc 1.0000 
2022-01-31 09:13:44,039 | Train Epoch 110/500 | Batch 100/4783 | Loss 0.0001 | Acc 1.0000 
2022-01-31 09:14:11,051 | Train Epoch 110/500 | Batch 150/4783 | Loss 0.0002 | Acc 1.0000 
2022-01-31 09:14:38,383 | Train Epoch 110/500 | Batch 200/4783 | Loss 0.0004 | Acc 1.0000 
2022-01-31 09:15:05,627 | Train Epoch 110/500 | Batch 250/4783 | Loss 0.0003 | Acc 1.0000 
2022-01-31 09:15:32,938 | Train Epoch 110/500 | Batch 300/4783 | Loss 0.0008 | Acc 1.0000 
2022-01-31 09:16:00,259 | Train Epoch 110/500 | Batch 350/4783 | Loss 0.0001 | Acc 1.0000 
2022-01-31 09:16:27,521 | Train Epoch 110/500 | Batch 400/4783 | Loss 0.0003 | Acc 1.0000 
2022-01-31 09:16:54,798 | Train Epoch 110/500 | Batch 450/4783 | Loss 0.0004 | Acc 1.0000 
2022-01-31 09:17:22,104 | Train Epoch 110/500 | Batch 500/4783 | Loss 0.0012 | Acc 1.0000 
2022-01-31 09:17:49,412 | Train Epoch 110/500 | Batch 550/4783 | Loss 0.0003 | Acc 1.0000 
2022-01-31 09:18:16,814 | Train Epoch 110/500 | Batch 600/4783 | Loss 0.0009 | Acc 1.0000 
2022-01-31 09:18:44,119 | Train Epoch 110/500 | Batch 650/4783 | Loss 0.0001 | Acc 1.0000 
2022-01-31 09:19:11,426 | Train Epoch 110/500 | Batch 700/4783 | Loss 0.0002 | Acc 1.0000 
2022-01-31 09:19:38,737 | Train Epoch 110/500 | Batch 750/4783 | Loss 0.0009 | Acc 1.0000 
2022-01-31 09:20:06,152 | Train Epoch 110/500 | Batch 800/4783 | Loss 0.0001 | Acc 1.0000 
2022-01-31 09:20:33,547 | Train Epoch 110/500 | Batch 850/4783 | Loss 0.0022 | Acc 1.0000 
2022-01-31 09:21:01,024 | Train Epoch 110/500 | Batch 900/4783 | Loss 0.0002 | Acc 1.0000 
2022-01-31 09:21:28,457 | Train Epoch 110/500 | Batch 950/4783 | Loss 0.0001 | Acc 1.0000 
2022-01-31 09:21:55,813 | Train Epoch 110/500 | Batch 1000/4783 | Loss 0.0002 | Acc 1.0000 
2022-01-31 09:22:23,118 | Train Epoch 110/500 | Batch 1050/4783 | Loss 0.0032 | Acc 1.0000 
2022-01-31 09:22:50,480 | Train Epoch 110/500 | Batch 1100/4783 | Loss 0.0001 | Acc 1.0000 
2022-01-31 09:23:17,835 | Train Epoch 110/500 | Batch 1150/4783 | Loss 0.0002 | Acc 1.0000 
2022-01-31 09:23:45,204 | Train Epoch 110/500 | Batch 1200/4783 | Loss 0.0003 | Acc 1.0000 
2022-01-31 09:24:12,506 | Train Epoch 110/500 | Batch 1250/4783 | Loss 0.0014 | Acc 1.0000 
2022-01-31 09:24:39,922 | Train Epoch 110/500 | Batch 1300/4783 | Loss 0.0004 | Acc 1.0000 
2022-01-31 09:25:07,288 | Train Epoch 110/500 | Batch 1350/4783 | Loss 0.0001 | Acc 1.0000 
2022-01-31 09:25:34,648 | Train Epoch 110/500 | Batch 1400/4783 | Loss 0.1105 | Acc 0.9688 
2022-01-31 09:26:02,038 | Train Epoch 110/500 | Batch 1450/4783 | Loss 0.0005 | Acc 1.0000 
2022-01-31 09:26:29,439 | Train Epoch 110/500 | Batch 1500/4783 | Loss 0.0003 | Acc 1.0000 
2022-01-31 09:26:56,780 | Train Epoch 110/500 | Batch 1550/4783 | Loss 0.0008 | Acc 1.0000 
2022-01-31 09:27:24,195 | Train Epoch 110/500 | Batch 1600/4783 | Loss 0.0010 | Acc 1.0000 
2022-01-31 09:27:51,515 | Train Epoch 110/500 | Batch 1650/4783 | Loss 0.0005 | Acc 1.0000 
2022-01-31 09:28:18,861 | Train Epoch 110/500 | Batch 1700/4783 | Loss 0.0005 | Acc 1.0000 
2022-01-31 09:28:46,180 | Train Epoch 110/500 | Batch 1750/4783 | Loss 0.0001 | Acc 1.0000 
2022-01-31 09:29:13,520 | Train Epoch 110/500 | Batch 1800/4783 | Loss 0.0005 | Acc 1.0000 
2022-01-31 09:29:40,895 | Train Epoch 110/500 | Batch 1850/4783 | Loss 0.0013 | Acc 1.0000 
2022-01-31 09:30:08,231 | Train Epoch 110/500 | Batch 1900/4783 | Loss 0.0006 | Acc 1.0000 
2022-01-31 09:30:35,580 | Train Epoch 110/500 | Batch 1950/4783 | Loss 0.0002 | Acc 1.0000 
2022-01-31 09:31:02,944 | Train Epoch 110/500 | Batch 2000/4783 | Loss 0.0003 | Acc 1.0000 
2022-01-31 09:31:30,291 | Train Epoch 110/500 | Batch 2050/4783 | Loss 0.0002 | Acc 1.0000 
2022-01-31 09:31:57,620 | Train Epoch 110/500 | Batch 2100/4783 | Loss 0.0003 | Acc 1.0000 
2022-01-31 09:32:24,969 | Train Epoch 110/500 | Batch 2150/4783 | Loss 0.0373 | Acc 1.0000 
2022-01-31 09:32:52,329 | Train Epoch 110/500 | Batch 2200/4783 | Loss 0.0003 | Acc 1.0000 
2022-01-31 09:33:19,853 | Train Epoch 110/500 | Batch 2250/4783 | Loss 0.0018 | Acc 1.0000 
2022-01-31 09:33:47,174 | Train Epoch 110/500 | Batch 2300/4783 | Loss 0.0001 | Acc 1.0000 
2022-01-31 09:34:14,654 | Train Epoch 110/500 | Batch 2350/4783 | Loss 0.0020 | Acc 1.0000 
2022-01-31 09:34:42,101 | Train Epoch 110/500 | Batch 2400/4783 | Loss 0.0003 | Acc 1.0000 
2022-01-31 09:35:09,562 | Train Epoch 110/500 | Batch 2450/4783 | Loss 0.0004 | Acc 1.0000 
2022-01-31 09:35:36,895 | Train Epoch 110/500 | Batch 2500/4783 | Loss 0.0002 | Acc 1.0000 
2022-01-31 09:36:04,219 | Train Epoch 110/500 | Batch 2550/4783 | Loss 0.0003 | Acc 1.0000 
2022-01-31 09:36:31,607 | Train Epoch 110/500 | Batch 2600/4783 | Loss 0.0001 | Acc 1.0000 
2022-01-31 09:36:58,952 | Train Epoch 110/500 | Batch 2650/4783 | Loss 0.0014 | Acc 1.0000 
2022-01-31 09:37:26,311 | Train Epoch 110/500 | Batch 2700/4783 | Loss 0.0002 | Acc 1.0000 
2022-01-31 09:37:53,669 | Train Epoch 110/500 | Batch 2750/4783 | Loss 0.0003 | Acc 1.0000 
2022-01-31 09:38:21,024 | Train Epoch 110/500 | Batch 2800/4783 | Loss 0.0187 | Acc 1.0000 
2022-01-31 09:38:48,364 | Train Epoch 110/500 | Batch 2850/4783 | Loss 0.0004 | Acc 1.0000 
2022-01-31 09:39:15,733 | Train Epoch 110/500 | Batch 2900/4783 | Loss 0.0003 | Acc 1.0000 
2022-01-31 09:39:43,083 | Train Epoch 110/500 | Batch 2950/4783 | Loss 0.0051 | Acc 1.0000 
2022-01-31 09:40:10,492 | Train Epoch 110/500 | Batch 3000/4783 | Loss 0.0002 | Acc 1.0000 
2022-01-31 09:40:37,956 | Train Epoch 110/500 | Batch 3050/4783 | Loss 0.0006 | Acc 1.0000 
2022-01-31 09:41:05,472 | Train Epoch 110/500 | Batch 3100/4783 | Loss 0.0003 | Acc 1.0000 
2022-01-31 09:41:32,902 | Train Epoch 110/500 | Batch 3150/4783 | Loss 0.0008 | Acc 1.0000 
2022-01-31 09:42:00,300 | Train Epoch 110/500 | Batch 3200/4783 | Loss 0.0005 | Acc 1.0000 
2022-01-31 09:42:27,644 | Train Epoch 110/500 | Batch 3250/4783 | Loss 0.0011 | Acc 1.0000 
2022-01-31 09:42:54,988 | Train Epoch 110/500 | Batch 3300/4783 | Loss 0.0109 | Acc 1.0000 
2022-01-31 09:43:22,379 | Train Epoch 110/500 | Batch 3350/4783 | Loss 0.0022 | Acc 1.0000 
2022-01-31 09:43:49,730 | Train Epoch 110/500 | Batch 3400/4783 | Loss 0.0025 | Acc 1.0000 
2022-01-31 09:44:17,062 | Train Epoch 110/500 | Batch 3450/4783 | Loss 0.0009 | Acc 1.0000 
2022-01-31 09:44:44,428 | Train Epoch 110/500 | Batch 3500/4783 | Loss 0.0009 | Acc 1.0000 
2022-01-31 09:45:11,950 | Train Epoch 110/500 | Batch 3550/4783 | Loss 0.0028 | Acc 1.0000 
2022-01-31 09:45:39,269 | Train Epoch 110/500 | Batch 3600/4783 | Loss 0.0002 | Acc 1.0000 
2022-01-31 09:46:06,595 | Train Epoch 110/500 | Batch 3650/4783 | Loss 0.0006 | Acc 1.0000 
2022-01-31 09:46:33,983 | Train Epoch 110/500 | Batch 3700/4783 | Loss 0.0002 | Acc 1.0000 
2022-01-31 09:47:01,324 | Train Epoch 110/500 | Batch 3750/4783 | Loss 0.0006 | Acc 1.0000 
2022-01-31 09:47:28,814 | Train Epoch 110/500 | Batch 3800/4783 | Loss 0.0012 | Acc 1.0000 
2022-01-31 09:47:56,131 | Train Epoch 110/500 | Batch 3850/4783 | Loss 0.0002 | Acc 1.0000 
2022-01-31 09:48:23,451 | Train Epoch 110/500 | Batch 3900/4783 | Loss 0.0004 | Acc 1.0000 
2022-01-31 09:48:50,735 | Train Epoch 110/500 | Batch 3950/4783 | Loss 0.0004 | Acc 1.0000 
2022-01-31 09:49:18,166 | Train Epoch 110/500 | Batch 4000/4783 | Loss 0.0001 | Acc 1.0000 
2022-01-31 09:49:45,438 | Train Epoch 110/500 | Batch 4050/4783 | Loss 0.0003 | Acc 1.0000 
2022-01-31 09:50:12,797 | Train Epoch 110/500 | Batch 4100/4783 | Loss 0.0003 | Acc 1.0000 
2022-01-31 09:50:40,173 | Train Epoch 110/500 | Batch 4150/4783 | Loss 0.0017 | Acc 1.0000 
2022-01-31 09:51:07,513 | Train Epoch 110/500 | Batch 4200/4783 | Loss 0.0002 | Acc 1.0000 
2022-01-31 09:51:34,885 | Train Epoch 110/500 | Batch 4250/4783 | Loss 0.0003 | Acc 1.0000 
2022-01-31 09:52:02,275 | Train Epoch 110/500 | Batch 4300/4783 | Loss 0.0002 | Acc 1.0000 
2022-01-31 09:52:29,617 | Train Epoch 110/500 | Batch 4350/4783 | Loss 0.0001 | Acc 1.0000 
2022-01-31 09:52:56,994 | Train Epoch 110/500 | Batch 4400/4783 | Loss 0.0019 | Acc 1.0000 
2022-01-31 09:54:21,519 | Train Epoch 110/500 | Batch 4450/4783 | Loss 0.0001 | Acc 1.0000 
2022-01-31 09:55:01,355 | Train Epoch 110/500 | Batch 4500/4783 | Loss 0.0037 | Acc 1.0000 
2022-01-31 09:55:28,854 | Train Epoch 110/500 | Batch 4550/4783 | Loss 0.0001 | Acc 1.0000 
2022-01-31 09:55:56,297 | Train Epoch 110/500 | Batch 4600/4783 | Loss 0.0009 | Acc 1.0000 
2022-01-31 09:56:23,669 | Train Epoch 110/500 | Batch 4650/4783 | Loss 0.0002 | Acc 1.0000 
2022-01-31 09:56:51,090 | Train Epoch 110/500 | Batch 4700/4783 | Loss 0.0002 | Acc 1.0000 
2022-01-31 09:57:18,534 | Train Epoch 110/500 | Batch 4750/4783 | Loss 0.0009 | Acc 1.0000 
2022-01-31 09:57:36,143 | Train Epoch Loss: 0.0019 | Accuracy: 0.9997

2022-01-31 09:57:39,527 | Validation Epoch 110/500 | Batch 0/1196 | Loss 0.4439 | Acc 0.9062 
2022-01-31 09:57:52,859 | Validation Epoch 110/500 | Batch 50/1196 | Loss 0.5514 | Acc 0.9375 
2022-01-31 09:58:05,344 | Validation Epoch 110/500 | Batch 100/1196 | Loss 0.2586 | Acc 0.9375 
2022-01-31 09:58:17,934 | Validation Epoch 110/500 | Batch 150/1196 | Loss 0.0664 | Acc 1.0000 
2022-01-31 09:58:30,436 | Validation Epoch 110/500 | Batch 200/1196 | Loss 0.1259 | Acc 0.9688 
2022-01-31 09:58:49,952 | Validation Epoch 110/500 | Batch 250/1196 | Loss 0.4855 | Acc 0.9375 
2022-01-31 09:59:07,744 | Validation Epoch 110/500 | Batch 300/1196 | Loss 0.2472 | Acc 0.9688 
2022-01-31 09:59:20,473 | Validation Epoch 110/500 | Batch 350/1196 | Loss 1.3150 | Acc 0.7812 
2022-01-31 09:59:36,859 | Validation Epoch 110/500 | Batch 400/1196 | Loss 1.0030 | Acc 0.7500 
2022-01-31 09:59:50,166 | Validation Epoch 110/500 | Batch 450/1196 | Loss 0.5256 | Acc 0.9062 
2022-01-31 10:00:03,338 | Validation Epoch 110/500 | Batch 500/1196 | Loss 0.3502 | Acc 0.9375 
2022-01-31 10:00:15,534 | Validation Epoch 110/500 | Batch 550/1196 | Loss 0.4921 | Acc 0.9062 
2022-01-31 10:00:28,265 | Validation Epoch 110/500 | Batch 600/1196 | Loss 0.2345 | Acc 0.9375 
2022-01-31 10:00:41,277 | Validation Epoch 110/500 | Batch 650/1196 | Loss 1.4350 | Acc 0.8125 
2022-01-31 10:00:53,595 | Validation Epoch 110/500 | Batch 700/1196 | Loss 0.5425 | Acc 0.9375 
2022-01-31 10:01:13,626 | Validation Epoch 110/500 | Batch 750/1196 | Loss 0.5215 | Acc 0.8750 
2022-01-31 10:01:26,248 | Validation Epoch 110/500 | Batch 800/1196 | Loss 0.1477 | Acc 0.9688 
2022-01-31 10:01:45,031 | Validation Epoch 110/500 | Batch 850/1196 | Loss 0.8326 | Acc 0.8125 
2022-01-31 10:01:58,306 | Validation Epoch 110/500 | Batch 900/1196 | Loss 0.6147 | Acc 0.8438 
2022-01-31 10:02:10,836 | Validation Epoch 110/500 | Batch 950/1196 | Loss 0.3419 | Acc 0.9375 
2022-01-31 10:02:22,806 | Validation Epoch 110/500 | Batch 1000/1196 | Loss 0.0872 | Acc 1.0000 
2022-01-31 10:02:35,888 | Validation Epoch 110/500 | Batch 1050/1196 | Loss 0.9975 | Acc 0.9062 
2022-01-31 10:02:54,148 | Validation Epoch 110/500 | Batch 1100/1196 | Loss 0.1207 | Acc 1.0000 
2022-01-31 10:03:06,257 | Validation Epoch 110/500 | Batch 1150/1196 | Loss 0.2764 | Acc 0.9375 
2022-01-31 10:03:18,016 | Validation Epoch Loss: 0.5210 | Accuracy: 0.9038

2022-01-31 10:03:24,210 | Train Epoch 111/500 | Batch 0/4783 | Loss 0.0006 | Acc 1.0000 
2022-01-31 10:03:51,506 | Train Epoch 111/500 | Batch 50/4783 | Loss 0.0003 | Acc 1.0000 
2022-01-31 10:04:18,869 | Train Epoch 111/500 | Batch 100/4783 | Loss 0.0015 | Acc 1.0000 
2022-01-31 10:04:46,379 | Train Epoch 111/500 | Batch 150/4783 | Loss 0.0022 | Acc 1.0000 
2022-01-31 10:05:13,792 | Train Epoch 111/500 | Batch 200/4783 | Loss 0.0026 | Acc 1.0000 
2022-01-31 10:05:41,146 | Train Epoch 111/500 | Batch 250/4783 | Loss 0.0005 | Acc 1.0000 
2022-01-31 10:06:08,407 | Train Epoch 111/500 | Batch 300/4783 | Loss 0.0003 | Acc 1.0000 
2022-01-31 10:06:35,757 | Train Epoch 111/500 | Batch 350/4783 | Loss 0.0061 | Acc 1.0000 
2022-01-31 10:07:03,150 | Train Epoch 111/500 | Batch 400/4783 | Loss 0.0001 | Acc 1.0000 
2022-01-31 10:07:30,572 | Train Epoch 111/500 | Batch 450/4783 | Loss 0.0003 | Acc 1.0000 
2022-01-31 10:07:57,927 | Train Epoch 111/500 | Batch 500/4783 | Loss 0.0003 | Acc 1.0000 
2022-01-31 10:08:25,270 | Train Epoch 111/500 | Batch 550/4783 | Loss 0.0001 | Acc 1.0000 
2022-01-31 10:08:54,479 | Train Epoch 111/500 | Batch 600/4783 | Loss 0.0038 | Acc 1.0000 
2022-01-31 10:09:25,313 | Train Epoch 111/500 | Batch 650/4783 | Loss 0.0020 | Acc 1.0000 
2022-01-31 10:09:52,731 | Train Epoch 111/500 | Batch 700/4783 | Loss 0.0002 | Acc 1.0000 
2022-01-31 10:10:26,417 | Train Epoch 111/500 | Batch 750/4783 | Loss 0.0002 | Acc 1.0000 
2022-01-31 10:10:54,098 | Train Epoch 111/500 | Batch 800/4783 | Loss 0.0003 | Acc 1.0000 
2022-01-31 10:11:24,777 | Train Epoch 111/500 | Batch 850/4783 | Loss 0.0002 | Acc 1.0000 
2022-01-31 10:11:52,314 | Train Epoch 111/500 | Batch 900/4783 | Loss 0.0013 | Acc 1.0000 
2022-01-31 10:12:19,797 | Train Epoch 111/500 | Batch 950/4783 | Loss 0.0015 | Acc 1.0000 
2022-01-31 10:12:53,867 | Train Epoch 111/500 | Batch 1000/4783 | Loss 0.0080 | Acc 1.0000 
2022-01-31 10:13:21,333 | Train Epoch 111/500 | Batch 1050/4783 | Loss 0.0002 | Acc 1.0000 
2022-01-31 10:13:48,772 | Train Epoch 111/500 | Batch 1100/4783 | Loss 0.0002 | Acc 1.0000 
2022-01-31 10:14:16,280 | Train Epoch 111/500 | Batch 1150/4783 | Loss 0.0007 | Acc 1.0000 
2022-01-31 10:14:50,744 | Train Epoch 111/500 | Batch 1200/4783 | Loss 0.0004 | Acc 1.0000 
2022-01-31 10:15:18,161 | Train Epoch 111/500 | Batch 1250/4783 | Loss 0.0002 | Acc 1.0000 
2022-01-31 10:15:45,789 | Train Epoch 111/500 | Batch 1300/4783 | Loss 0.0003 | Acc 1.0000 
2022-01-31 10:16:17,960 | Train Epoch 111/500 | Batch 1350/4783 | Loss 0.0008 | Acc 1.0000 
2022-01-31 10:16:53,114 | Train Epoch 111/500 | Batch 1400/4783 | Loss 0.0074 | Acc 1.0000 
2022-01-31 10:17:20,508 | Train Epoch 111/500 | Batch 1450/4783 | Loss 0.0010 | Acc 1.0000 
2022-01-31 10:17:53,554 | Train Epoch 111/500 | Batch 1500/4783 | Loss 0.0004 | Acc 1.0000 
2022-01-31 10:18:20,841 | Train Epoch 111/500 | Batch 1550/4783 | Loss 0.0002 | Acc 1.0000 
2022-01-31 10:18:48,186 | Train Epoch 111/500 | Batch 1600/4783 | Loss 0.0002 | Acc 1.0000 
2022-01-31 10:19:16,323 | Train Epoch 111/500 | Batch 1650/4783 | Loss 0.0002 | Acc 1.0000 
2022-01-31 10:19:46,667 | Train Epoch 111/500 | Batch 1700/4783 | Loss 0.0002 | Acc 1.0000 
2022-01-31 10:20:14,053 | Train Epoch 111/500 | Batch 1750/4783 | Loss 0.0002 | Acc 1.0000 
2022-01-31 10:20:41,516 | Train Epoch 111/500 | Batch 1800/4783 | Loss 0.0715 | Acc 0.9688 
2022-01-31 10:21:13,413 | Train Epoch 111/500 | Batch 1850/4783 | Loss 0.0002 | Acc 1.0000 
2022-01-31 10:21:40,782 | Train Epoch 111/500 | Batch 1900/4783 | Loss 0.0012 | Acc 1.0000 
2022-01-31 10:22:08,095 | Train Epoch 111/500 | Batch 1950/4783 | Loss 0.0018 | Acc 1.0000 
2022-01-31 10:22:35,424 | Train Epoch 111/500 | Batch 2000/4783 | Loss 0.0005 | Acc 1.0000 
2022-01-31 10:23:02,852 | Train Epoch 111/500 | Batch 2050/4783 | Loss 0.0010 | Acc 1.0000 
2022-01-31 10:23:30,205 | Train Epoch 111/500 | Batch 2100/4783 | Loss 0.0001 | Acc 1.0000 
2022-01-31 10:23:57,575 | Train Epoch 111/500 | Batch 2150/4783 | Loss 0.0037 | Acc 1.0000 
2022-01-31 10:24:24,931 | Train Epoch 111/500 | Batch 2200/4783 | Loss 0.0009 | Acc 1.0000 
2022-01-31 10:24:52,273 | Train Epoch 111/500 | Batch 2250/4783 | Loss 0.0009 | Acc 1.0000 
2022-01-31 10:25:19,679 | Train Epoch 111/500 | Batch 2300/4783 | Loss 0.0002 | Acc 1.0000 
2022-01-31 10:25:47,138 | Train Epoch 111/500 | Batch 2350/4783 | Loss 0.0016 | Acc 1.0000 
2022-01-31 10:26:14,479 | Train Epoch 111/500 | Batch 2400/4783 | Loss 0.0002 | Acc 1.0000 
2022-01-31 10:26:41,799 | Train Epoch 111/500 | Batch 2450/4783 | Loss 0.0006 | Acc 1.0000 
2022-01-31 10:27:09,195 | Train Epoch 111/500 | Batch 2500/4783 | Loss 0.0003 | Acc 1.0000 
2022-01-31 10:27:36,504 | Train Epoch 111/500 | Batch 2550/4783 | Loss 0.0004 | Acc 1.0000 
2022-01-31 10:28:03,807 | Train Epoch 111/500 | Batch 2600/4783 | Loss 0.0010 | Acc 1.0000 
2022-01-31 10:28:31,219 | Train Epoch 111/500 | Batch 2650/4783 | Loss 0.0002 | Acc 1.0000 
2022-01-31 10:28:58,578 | Train Epoch 111/500 | Batch 2700/4783 | Loss 0.0013 | Acc 1.0000 
2022-01-31 10:29:26,047 | Train Epoch 111/500 | Batch 2750/4783 | Loss 0.0263 | Acc 1.0000 
2022-01-31 10:29:53,482 | Train Epoch 111/500 | Batch 2800/4783 | Loss 0.0008 | Acc 1.0000 
2022-01-31 10:30:21,045 | Train Epoch 111/500 | Batch 2850/4783 | Loss 0.0003 | Acc 1.0000 
2022-01-31 10:30:48,355 | Train Epoch 111/500 | Batch 2900/4783 | Loss 0.0001 | Acc 1.0000 
2022-01-31 10:31:15,761 | Train Epoch 111/500 | Batch 2950/4783 | Loss 0.0003 | Acc 1.0000 
2022-01-31 10:31:43,064 | Train Epoch 111/500 | Batch 3000/4783 | Loss 0.0002 | Acc 1.0000 
2022-01-31 10:32:10,341 | Train Epoch 111/500 | Batch 3050/4783 | Loss 0.0002 | Acc 1.0000 
2022-01-31 10:32:37,679 | Train Epoch 111/500 | Batch 3100/4783 | Loss 0.0002 | Acc 1.0000 
2022-01-31 10:33:04,995 | Train Epoch 111/500 | Batch 3150/4783 | Loss 0.0005 | Acc 1.0000 
2022-01-31 10:33:32,286 | Train Epoch 111/500 | Batch 3200/4783 | Loss 0.0285 | Acc 0.9688 
2022-01-31 10:33:59,690 | Train Epoch 111/500 | Batch 3250/4783 | Loss 0.0004 | Acc 1.0000 
2022-01-31 10:34:26,981 | Train Epoch 111/500 | Batch 3300/4783 | Loss 0.0061 | Acc 1.0000 
2022-01-31 10:34:54,408 | Train Epoch 111/500 | Batch 3350/4783 | Loss 0.0120 | Acc 1.0000 
2022-01-31 10:35:21,722 | Train Epoch 111/500 | Batch 3400/4783 | Loss 0.0008 | Acc 1.0000 
2022-01-31 10:35:49,109 | Train Epoch 111/500 | Batch 3450/4783 | Loss 0.0005 | Acc 1.0000 
2022-01-31 10:36:16,450 | Train Epoch 111/500 | Batch 3500/4783 | Loss 0.0007 | Acc 1.0000 
2022-01-31 10:36:43,866 | Train Epoch 111/500 | Batch 3550/4783 | Loss 0.0001 | Acc 1.0000 
2022-01-31 10:37:11,253 | Train Epoch 111/500 | Batch 3600/4783 | Loss 0.0002 | Acc 1.0000 
2022-01-31 10:37:39,990 | Train Epoch 111/500 | Batch 3650/4783 | Loss 0.0004 | Acc 1.0000 
2022-01-31 10:38:07,392 | Train Epoch 111/500 | Batch 3700/4783 | Loss 0.0052 | Acc 1.0000 
2022-01-31 10:38:34,861 | Train Epoch 111/500 | Batch 3750/4783 | Loss 0.0002 | Acc 1.0000 
2022-01-31 10:39:05,685 | Train Epoch 111/500 | Batch 3800/4783 | Loss 0.0009 | Acc 1.0000 
2022-01-31 10:39:33,207 | Train Epoch 111/500 | Batch 3850/4783 | Loss 0.0006 | Acc 1.0000 
2022-01-31 10:40:00,626 | Train Epoch 111/500 | Batch 3900/4783 | Loss 0.0002 | Acc 1.0000 
2022-01-31 10:40:28,148 | Train Epoch 111/500 | Batch 3950/4783 | Loss 0.0002 | Acc 1.0000 
2022-01-31 10:40:55,558 | Train Epoch 111/500 | Batch 4000/4783 | Loss 0.0002 | Acc 1.0000 
2022-01-31 10:41:23,152 | Train Epoch 111/500 | Batch 4050/4783 | Loss 0.0008 | Acc 1.0000 
2022-01-31 10:41:51,476 | Train Epoch 111/500 | Batch 4100/4783 | Loss 0.0045 | Acc 1.0000 
2022-01-31 10:42:19,057 | Train Epoch 111/500 | Batch 4150/4783 | Loss 0.0005 | Acc 1.0000 
2022-01-31 10:42:46,855 | Train Epoch 111/500 | Batch 4200/4783 | Loss 0.0004 | Acc 1.0000 
2022-01-31 10:43:14,386 | Train Epoch 111/500 | Batch 4250/4783 | Loss 0.0007 | Acc 1.0000 
2022-01-31 10:43:41,942 | Train Epoch 111/500 | Batch 4300/4783 | Loss 0.0006 | Acc 1.0000 
2022-01-31 10:44:09,464 | Train Epoch 111/500 | Batch 4350/4783 | Loss 0.0008 | Acc 1.0000 
2022-01-31 10:44:36,973 | Train Epoch 111/500 | Batch 4400/4783 | Loss 0.0002 | Acc 1.0000 
2022-01-31 10:45:04,463 | Train Epoch 111/500 | Batch 4450/4783 | Loss 0.0003 | Acc 1.0000 
2022-01-31 10:45:31,940 | Train Epoch 111/500 | Batch 4500/4783 | Loss 0.0005 | Acc 1.0000 
2022-01-31 10:45:59,418 | Train Epoch 111/500 | Batch 4550/4783 | Loss 0.0009 | Acc 1.0000 
2022-01-31 10:46:26,785 | Train Epoch 111/500 | Batch 4600/4783 | Loss 0.0003 | Acc 1.0000 
2022-01-31 10:46:54,191 | Train Epoch 111/500 | Batch 4650/4783 | Loss 0.0006 | Acc 1.0000 
2022-01-31 10:47:21,730 | Train Epoch 111/500 | Batch 4700/4783 | Loss 0.0011 | Acc 1.0000 
2022-01-31 10:47:49,177 | Train Epoch 111/500 | Batch 4750/4783 | Loss 0.0001 | Acc 1.0000 
2022-01-31 10:48:10,445 | Train Epoch Loss: 0.0014 | Accuracy: 0.9998

2022-01-31 10:48:13,933 | Validation Epoch 111/500 | Batch 0/1196 | Loss 0.5179 | Acc 0.9062 
2022-01-31 10:48:26,379 | Validation Epoch 111/500 | Batch 50/1196 | Loss 0.4790 | Acc 0.9375 
2022-01-31 10:48:39,086 | Validation Epoch 111/500 | Batch 100/1196 | Loss 0.2619 | Acc 0.9375 
2022-01-31 10:48:51,749 | Validation Epoch 111/500 | Batch 150/1196 | Loss 0.0880 | Acc 0.9688 
2022-01-31 10:49:04,870 | Validation Epoch 111/500 | Batch 200/1196 | Loss 0.1473 | Acc 0.9688 
2022-01-31 10:49:18,078 | Validation Epoch 111/500 | Batch 250/1196 | Loss 0.5060 | Acc 0.9375 
2022-01-31 10:49:30,440 | Validation Epoch 111/500 | Batch 300/1196 | Loss 0.2513 | Acc 0.9688 
2022-01-31 10:49:48,323 | Validation Epoch 111/500 | Batch 350/1196 | Loss 0.9430 | Acc 0.8750 
2022-01-31 10:50:04,249 | Validation Epoch 111/500 | Batch 400/1196 | Loss 1.1032 | Acc 0.7500 
2022-01-31 10:50:16,404 | Validation Epoch 111/500 | Batch 450/1196 | Loss 0.4343 | Acc 0.9062 
2022-01-31 10:50:34,358 | Validation Epoch 111/500 | Batch 500/1196 | Loss 0.3579 | Acc 0.9375 
2022-01-31 10:50:46,368 | Validation Epoch 111/500 | Batch 550/1196 | Loss 0.4147 | Acc 0.9062 
2022-01-31 10:50:59,282 | Validation Epoch 111/500 | Batch 600/1196 | Loss 0.3482 | Acc 0.9688 
2022-01-31 10:51:16,964 | Validation Epoch 111/500 | Batch 650/1196 | Loss 1.4316 | Acc 0.8125 
2022-01-31 10:51:29,933 | Validation Epoch 111/500 | Batch 700/1196 | Loss 0.5210 | Acc 0.9375 
2022-01-31 10:51:42,148 | Validation Epoch 111/500 | Batch 750/1196 | Loss 0.5492 | Acc 0.8750 
2022-01-31 10:51:54,383 | Validation Epoch 111/500 | Batch 800/1196 | Loss 0.2943 | Acc 0.9062 
2022-01-31 10:52:07,081 | Validation Epoch 111/500 | Batch 850/1196 | Loss 0.7906 | Acc 0.8125 
2022-01-31 10:52:20,039 | Validation Epoch 111/500 | Batch 900/1196 | Loss 0.7702 | Acc 0.8438 
2022-01-31 10:52:38,061 | Validation Epoch 111/500 | Batch 950/1196 | Loss 0.3594 | Acc 0.9375 
2022-01-31 10:52:56,005 | Validation Epoch 111/500 | Batch 1000/1196 | Loss 0.0671 | Acc 1.0000 
2022-01-31 10:53:09,764 | Validation Epoch 111/500 | Batch 1050/1196 | Loss 0.9600 | Acc 0.9062 
2022-01-31 10:53:27,255 | Validation Epoch 111/500 | Batch 1100/1196 | Loss 0.1731 | Acc 0.9688 
2022-01-31 10:53:39,651 | Validation Epoch 111/500 | Batch 1150/1196 | Loss 0.1576 | Acc 0.9375 
2022-01-31 10:53:50,840 | Validation Epoch Loss: 0.5195 | Accuracy: 0.9041

2022-01-31 10:54:02,021 | Train Epoch 112/500 | Batch 0/4783 | Loss 0.0002 | Acc 1.0000 
2022-01-31 10:54:29,579 | Train Epoch 112/500 | Batch 50/4783 | Loss 0.0003 | Acc 1.0000 
2022-01-31 10:54:56,940 | Train Epoch 112/500 | Batch 100/4783 | Loss 0.0008 | Acc 1.0000 
2022-01-31 10:55:24,233 | Train Epoch 112/500 | Batch 150/4783 | Loss 0.0008 | Acc 1.0000 
2022-01-31 10:55:51,441 | Train Epoch 112/500 | Batch 200/4783 | Loss 0.0005 | Acc 1.0000 
2022-01-31 10:56:18,780 | Train Epoch 112/500 | Batch 250/4783 | Loss 0.0001 | Acc 1.0000 
2022-01-31 10:56:45,968 | Train Epoch 112/500 | Batch 300/4783 | Loss 0.0017 | Acc 1.0000 
2022-01-31 10:57:13,140 | Train Epoch 112/500 | Batch 350/4783 | Loss 0.0004 | Acc 1.0000 
2022-01-31 10:57:40,554 | Train Epoch 112/500 | Batch 400/4783 | Loss 0.0002 | Acc 1.0000 
2022-01-31 10:58:08,002 | Train Epoch 112/500 | Batch 450/4783 | Loss 0.0007 | Acc 1.0000 
2022-01-31 10:58:35,538 | Train Epoch 112/500 | Batch 500/4783 | Loss 0.0010 | Acc 1.0000 
2022-01-31 10:59:02,933 | Train Epoch 112/500 | Batch 550/4783 | Loss 0.0008 | Acc 1.0000 
2022-01-31 10:59:30,381 | Train Epoch 112/500 | Batch 600/4783 | Loss 0.0007 | Acc 1.0000 
2022-01-31 10:59:57,942 | Train Epoch 112/500 | Batch 650/4783 | Loss 0.0005 | Acc 1.0000 
2022-01-31 11:00:25,955 | Train Epoch 112/500 | Batch 700/4783 | Loss 0.0003 | Acc 1.0000 
2022-01-31 11:00:53,424 | Train Epoch 112/500 | Batch 750/4783 | Loss 0.0006 | Acc 1.0000 
2022-01-31 11:01:21,947 | Train Epoch 112/500 | Batch 800/4783 | Loss 0.0010 | Acc 1.0000 
2022-01-31 11:01:51,973 | Train Epoch 112/500 | Batch 850/4783 | Loss 0.0005 | Acc 1.0000 
2022-01-31 11:02:19,422 | Train Epoch 112/500 | Batch 900/4783 | Loss 0.0001 | Acc 1.0000 
2022-01-31 11:02:46,829 | Train Epoch 112/500 | Batch 950/4783 | Loss 0.0001 | Acc 1.0000 
2022-01-31 11:03:14,286 | Train Epoch 112/500 | Batch 1000/4783 | Loss 0.0008 | Acc 1.0000 
2022-01-31 11:03:41,845 | Train Epoch 112/500 | Batch 1050/4783 | Loss 0.0007 | Acc 1.0000 
2022-01-31 11:04:14,208 | Train Epoch 112/500 | Batch 1100/4783 | Loss 0.0002 | Acc 1.0000 
2022-01-31 11:04:41,674 | Train Epoch 112/500 | Batch 1150/4783 | Loss 0.0004 | Acc 1.0000 
2022-01-31 11:05:09,232 | Train Epoch 112/500 | Batch 1200/4783 | Loss 0.0002 | Acc 1.0000 
2022-01-31 11:05:36,629 | Train Epoch 112/500 | Batch 1250/4783 | Loss 0.0001 | Acc 1.0000 
2022-01-31 11:06:03,960 | Train Epoch 112/500 | Batch 1300/4783 | Loss 0.0001 | Acc 1.0000 
2022-01-31 11:06:32,189 | Train Epoch 112/500 | Batch 1350/4783 | Loss 0.0004 | Acc 1.0000 
2022-01-31 11:06:59,529 | Train Epoch 112/500 | Batch 1400/4783 | Loss 0.0003 | Acc 1.0000 
2022-01-31 11:07:26,904 | Train Epoch 112/500 | Batch 1450/4783 | Loss 0.0021 | Acc 1.0000 
2022-01-31 11:07:57,545 | Train Epoch 112/500 | Batch 1500/4783 | Loss 0.0002 | Acc 1.0000 
2022-01-31 11:08:24,972 | Train Epoch 112/500 | Batch 1550/4783 | Loss 0.0002 | Acc 1.0000 
2022-01-31 11:08:52,335 | Train Epoch 112/500 | Batch 1600/4783 | Loss 0.0013 | Acc 1.0000 
2022-01-31 11:09:23,863 | Train Epoch 112/500 | Batch 1650/4783 | Loss 0.0002 | Acc 1.0000 
2022-01-31 11:09:51,345 | Train Epoch 112/500 | Batch 1700/4783 | Loss 0.0003 | Acc 1.0000 
2022-01-31 11:10:18,793 | Train Epoch 112/500 | Batch 1750/4783 | Loss 0.0012 | Acc 1.0000 
2022-01-31 11:10:51,648 | Train Epoch 112/500 | Batch 1800/4783 | Loss 0.0003 | Acc 1.0000 
2022-01-31 11:11:18,908 | Train Epoch 112/500 | Batch 1850/4783 | Loss 0.0063 | Acc 1.0000 
2022-01-31 11:11:46,158 | Train Epoch 112/500 | Batch 1900/4783 | Loss 0.0002 | Acc 1.0000 
2022-01-31 11:12:21,364 | Train Epoch 112/500 | Batch 1950/4783 | Loss 0.0005 | Acc 1.0000 
2022-01-31 11:12:48,753 | Train Epoch 112/500 | Batch 2000/4783 | Loss 0.0004 | Acc 1.0000 
2022-01-31 11:13:16,300 | Train Epoch 112/500 | Batch 2050/4783 | Loss 0.0007 | Acc 1.0000 
2022-01-31 11:13:45,362 | Train Epoch 112/500 | Batch 2100/4783 | Loss 0.0056 | Acc 1.0000 
2022-01-31 11:14:13,000 | Train Epoch 112/500 | Batch 2150/4783 | Loss 0.0005 | Acc 1.0000 
2022-01-31 11:14:42,977 | Train Epoch 112/500 | Batch 2200/4783 | Loss 0.0009 | Acc 1.0000 
2022-01-31 11:15:10,406 | Train Epoch 112/500 | Batch 2250/4783 | Loss 0.0007 | Acc 1.0000 
2022-01-31 11:15:37,861 | Train Epoch 112/500 | Batch 2300/4783 | Loss 0.0001 | Acc 1.0000 
2022-01-31 11:16:05,373 | Train Epoch 112/500 | Batch 2350/4783 | Loss 0.0013 | Acc 1.0000 
2022-01-31 11:16:32,834 | Train Epoch 112/500 | Batch 2400/4783 | Loss 0.0006 | Acc 1.0000 
2022-01-31 11:17:00,278 | Train Epoch 112/500 | Batch 2450/4783 | Loss 0.0006 | Acc 1.0000 
2022-01-31 11:17:27,824 | Train Epoch 112/500 | Batch 2500/4783 | Loss 0.0008 | Acc 1.0000 
2022-01-31 11:17:55,271 | Train Epoch 112/500 | Batch 2550/4783 | Loss 0.0004 | Acc 1.0000 
2022-01-31 11:18:22,753 | Train Epoch 112/500 | Batch 2600/4783 | Loss 0.0018 | Acc 1.0000 
2022-01-31 11:18:50,274 | Train Epoch 112/500 | Batch 2650/4783 | Loss 0.0013 | Acc 1.0000 
2022-01-31 11:19:17,656 | Train Epoch 112/500 | Batch 2700/4783 | Loss 0.0002 | Acc 1.0000 
2022-01-31 11:19:49,017 | Train Epoch 112/500 | Batch 2750/4783 | Loss 0.0008 | Acc 1.0000 
2022-01-31 11:20:16,396 | Train Epoch 112/500 | Batch 2800/4783 | Loss 0.0002 | Acc 1.0000 
2022-01-31 11:20:43,777 | Train Epoch 112/500 | Batch 2850/4783 | Loss 0.0003 | Acc 1.0000 
2022-01-31 11:21:11,282 | Train Epoch 112/500 | Batch 2900/4783 | Loss 0.0007 | Acc 1.0000 
2022-01-31 11:21:38,738 | Train Epoch 112/500 | Batch 2950/4783 | Loss 0.0004 | Acc 1.0000 
2022-01-31 11:22:06,360 | Train Epoch 112/500 | Batch 3000/4783 | Loss 0.0003 | Acc 1.0000 
2022-01-31 11:22:33,798 | Train Epoch 112/500 | Batch 3050/4783 | Loss 0.0003 | Acc 1.0000 
2022-01-31 11:23:01,189 | Train Epoch 112/500 | Batch 3100/4783 | Loss 0.0006 | Acc 1.0000 
2022-01-31 11:23:28,790 | Train Epoch 112/500 | Batch 3150/4783 | Loss 0.0034 | Acc 1.0000 
2022-01-31 11:23:56,298 | Train Epoch 112/500 | Batch 3200/4783 | Loss 0.0001 | Acc 1.0000 
2022-01-31 11:24:23,717 | Train Epoch 112/500 | Batch 3250/4783 | Loss 0.0001 | Acc 1.0000 
2022-01-31 11:24:51,182 | Train Epoch 112/500 | Batch 3300/4783 | Loss 0.0006 | Acc 1.0000 
2022-01-31 11:25:18,652 | Train Epoch 112/500 | Batch 3350/4783 | Loss 0.0002 | Acc 1.0000 
2022-01-31 11:25:46,166 | Train Epoch 112/500 | Batch 3400/4783 | Loss 0.0003 | Acc 1.0000 
2022-01-31 11:26:13,589 | Train Epoch 112/500 | Batch 3450/4783 | Loss 0.0001 | Acc 1.0000 
2022-01-31 11:26:40,898 | Train Epoch 112/500 | Batch 3500/4783 | Loss 0.0003 | Acc 1.0000 
2022-01-31 11:27:08,349 | Train Epoch 112/500 | Batch 3550/4783 | Loss 0.0002 | Acc 1.0000 
2022-01-31 11:27:35,614 | Train Epoch 112/500 | Batch 3600/4783 | Loss 0.0006 | Acc 1.0000 
2022-01-31 11:28:02,966 | Train Epoch 112/500 | Batch 3650/4783 | Loss 0.0005 | Acc 1.0000 
2022-01-31 11:28:30,382 | Train Epoch 112/500 | Batch 3700/4783 | Loss 0.0006 | Acc 1.0000 
2022-01-31 11:28:59,304 | Train Epoch 112/500 | Batch 3750/4783 | Loss 0.0002 | Acc 1.0000 
2022-01-31 11:29:26,775 | Train Epoch 112/500 | Batch 3800/4783 | Loss 0.0006 | Acc 1.0000 
2022-01-31 11:29:54,198 | Train Epoch 112/500 | Batch 3850/4783 | Loss 0.0002 | Acc 1.0000 
2022-01-31 11:30:21,681 | Train Epoch 112/500 | Batch 3900/4783 | Loss 0.0046 | Acc 1.0000 
2022-01-31 11:30:49,093 | Train Epoch 112/500 | Batch 3950/4783 | Loss 0.0009 | Acc 1.0000 
2022-01-31 11:31:20,737 | Train Epoch 112/500 | Batch 4000/4783 | Loss 0.0009 | Acc 1.0000 
2022-01-31 11:31:48,076 | Train Epoch 112/500 | Batch 4050/4783 | Loss 0.0011 | Acc 1.0000 
2022-01-31 11:32:15,437 | Train Epoch 112/500 | Batch 4100/4783 | Loss 0.0010 | Acc 1.0000 
2022-01-31 11:32:43,004 | Train Epoch 112/500 | Batch 4150/4783 | Loss 0.0001 | Acc 1.0000 
2022-01-31 11:33:10,400 | Train Epoch 112/500 | Batch 4200/4783 | Loss 0.0001 | Acc 1.0000 
2022-01-31 11:33:42,449 | Train Epoch 112/500 | Batch 4250/4783 | Loss 0.0001 | Acc 1.0000 
2022-01-31 11:34:09,943 | Train Epoch 112/500 | Batch 4300/4783 | Loss 0.0020 | Acc 1.0000 
2022-01-31 11:34:37,465 | Train Epoch 112/500 | Batch 4350/4783 | Loss 0.0014 | Acc 1.0000 
2022-01-31 11:35:04,965 | Train Epoch 112/500 | Batch 4400/4783 | Loss 0.0004 | Acc 1.0000 
2022-01-31 11:35:32,570 | Train Epoch 112/500 | Batch 4450/4783 | Loss 0.0009 | Acc 1.0000 
2022-01-31 11:36:02,110 | Train Epoch 112/500 | Batch 4500/4783 | Loss 0.0007 | Acc 1.0000 
2022-01-31 11:36:33,860 | Train Epoch 112/500 | Batch 4550/4783 | Loss 0.0018 | Acc 1.0000 
2022-01-31 11:37:01,472 | Train Epoch 112/500 | Batch 4600/4783 | Loss 0.0001 | Acc 1.0000 
2022-01-31 11:37:29,064 | Train Epoch 112/500 | Batch 4650/4783 | Loss 0.0001 | Acc 1.0000 
2022-01-31 11:37:56,600 | Train Epoch 112/500 | Batch 4700/4783 | Loss 0.0004 | Acc 1.0000 
2022-01-31 11:38:28,162 | Train Epoch 112/500 | Batch 4750/4783 | Loss 0.0008 | Acc 1.0000 
2022-01-31 11:38:50,245 | Train Epoch Loss: 0.0011 | Accuracy: 0.9999

2022-01-31 11:38:53,307 | Validation Epoch 112/500 | Batch 0/1196 | Loss 0.5890 | Acc 0.9062 
2022-01-31 11:39:05,949 | Validation Epoch 112/500 | Batch 50/1196 | Loss 0.4689 | Acc 0.9375 
2022-01-31 11:39:18,268 | Validation Epoch 112/500 | Batch 100/1196 | Loss 0.2809 | Acc 0.9375 
2022-01-31 11:39:30,517 | Validation Epoch 112/500 | Batch 150/1196 | Loss 0.0593 | Acc 1.0000 
2022-01-31 11:39:43,176 | Validation Epoch 112/500 | Batch 200/1196 | Loss 0.1553 | Acc 0.9688 
2022-01-31 11:40:00,990 | Validation Epoch 112/500 | Batch 250/1196 | Loss 0.5010 | Acc 0.9688 
2022-01-31 11:40:13,436 | Validation Epoch 112/500 | Batch 300/1196 | Loss 0.3304 | Acc 0.9062 
2022-01-31 11:40:30,565 | Validation Epoch 112/500 | Batch 350/1196 | Loss 1.2849 | Acc 0.8125 
2022-01-31 11:40:42,849 | Validation Epoch 112/500 | Batch 400/1196 | Loss 0.7169 | Acc 0.7812 
2022-01-31 11:40:55,171 | Validation Epoch 112/500 | Batch 450/1196 | Loss 0.4859 | Acc 0.9062 
2022-01-31 11:41:12,341 | Validation Epoch 112/500 | Batch 500/1196 | Loss 0.3482 | Acc 0.9375 
2022-01-31 11:41:32,165 | Validation Epoch 112/500 | Batch 550/1196 | Loss 0.4098 | Acc 0.9062 
2022-01-31 11:41:44,584 | Validation Epoch 112/500 | Batch 600/1196 | Loss 0.3343 | Acc 0.9688 
2022-01-31 11:41:57,420 | Validation Epoch 112/500 | Batch 650/1196 | Loss 1.3460 | Acc 0.8438 
2022-01-31 11:42:20,533 | Validation Epoch 112/500 | Batch 700/1196 | Loss 0.5197 | Acc 0.9375 
2022-01-31 11:42:35,293 | Validation Epoch 112/500 | Batch 750/1196 | Loss 0.5328 | Acc 0.8750 
2022-01-31 11:42:53,434 | Validation Epoch 112/500 | Batch 800/1196 | Loss 0.1814 | Acc 0.9688 
2022-01-31 11:43:11,858 | Validation Epoch 112/500 | Batch 850/1196 | Loss 0.8511 | Acc 0.8438 
2022-01-31 11:43:29,451 | Validation Epoch 112/500 | Batch 900/1196 | Loss 0.6263 | Acc 0.8438 
2022-01-31 11:43:50,675 | Validation Epoch 112/500 | Batch 950/1196 | Loss 0.3534 | Acc 0.9062 
2022-01-31 11:44:03,088 | Validation Epoch 112/500 | Batch 1000/1196 | Loss 0.0414 | Acc 1.0000 
2022-01-31 11:44:15,054 | Validation Epoch 112/500 | Batch 1050/1196 | Loss 0.9722 | Acc 0.9062 
2022-01-31 11:44:42,082 | Validation Epoch 112/500 | Batch 1100/1196 | Loss 0.1532 | Acc 0.9688 
2022-01-31 11:45:00,215 | Validation Epoch 112/500 | Batch 1150/1196 | Loss 0.1520 | Acc 0.9688 
2022-01-31 11:45:20,679 | Validation Epoch Loss: 0.5182 | Accuracy: 0.9050

2022-01-31 11:45:25,502 | Train Epoch 113/500 | Batch 0/4783 | Loss 0.0004 | Acc 1.0000 
2022-01-31 11:45:52,889 | Train Epoch 113/500 | Batch 50/4783 | Loss 0.0002 | Acc 1.0000 
2022-01-31 11:46:23,101 | Train Epoch 113/500 | Batch 100/4783 | Loss 0.0024 | Acc 1.0000 
2022-01-31 11:46:50,446 | Train Epoch 113/500 | Batch 150/4783 | Loss 0.0004 | Acc 1.0000 
2022-01-31 11:47:17,836 | Train Epoch 113/500 | Batch 200/4783 | Loss 0.0008 | Acc 1.0000 
2022-01-31 11:47:45,148 | Train Epoch 113/500 | Batch 250/4783 | Loss 0.0006 | Acc 1.0000 
2022-01-31 11:48:18,356 | Train Epoch 113/500 | Batch 300/4783 | Loss 0.0002 | Acc 1.0000 
2022-01-31 11:48:45,760 | Train Epoch 113/500 | Batch 350/4783 | Loss 0.0003 | Acc 1.0000 
2022-01-31 11:49:13,150 | Train Epoch 113/500 | Batch 400/4783 | Loss 0.0001 | Acc 1.0000 
2022-01-31 11:49:40,672 | Train Epoch 113/500 | Batch 450/4783 | Loss 0.0004 | Acc 1.0000 
2022-01-31 11:50:08,069 | Train Epoch 113/500 | Batch 500/4783 | Loss 0.0010 | Acc 1.0000 
2022-01-31 11:50:35,490 | Train Epoch 113/500 | Batch 550/4783 | Loss 0.0008 | Acc 1.0000 
2022-01-31 11:51:06,424 | Train Epoch 113/500 | Batch 600/4783 | Loss 0.0002 | Acc 1.0000 
2022-01-31 11:51:33,773 | Train Epoch 113/500 | Batch 650/4783 | Loss 0.0006 | Acc 1.0000 
2022-01-31 11:52:05,687 | Train Epoch 113/500 | Batch 700/4783 | Loss 0.0001 | Acc 1.0000 
2022-01-31 11:52:33,133 | Train Epoch 113/500 | Batch 750/4783 | Loss 0.0002 | Acc 1.0000 
2022-01-31 11:53:05,025 | Train Epoch 113/500 | Batch 800/4783 | Loss 0.0001 | Acc 1.0000 
2022-01-31 11:53:32,497 | Train Epoch 113/500 | Batch 850/4783 | Loss 0.0025 | Acc 1.0000 
2022-01-31 11:53:59,956 | Train Epoch 113/500 | Batch 900/4783 | Loss 0.0006 | Acc 1.0000 
2022-01-31 11:54:32,489 | Train Epoch 113/500 | Batch 950/4783 | Loss 0.0003 | Acc 1.0000 
2022-01-31 11:54:59,915 | Train Epoch 113/500 | Batch 1000/4783 | Loss 0.0002 | Acc 1.0000 
2022-01-31 11:55:27,262 | Train Epoch 113/500 | Batch 1050/4783 | Loss 0.0002 | Acc 1.0000 
2022-01-31 11:55:59,384 | Train Epoch 113/500 | Batch 1100/4783 | Loss 0.0027 | Acc 1.0000 
2022-01-31 11:56:26,759 | Train Epoch 113/500 | Batch 1150/4783 | Loss 0.0003 | Acc 1.0000 
2022-01-31 11:56:54,163 | Train Epoch 113/500 | Batch 1200/4783 | Loss 0.0013 | Acc 1.0000 
2022-01-31 11:57:21,577 | Train Epoch 113/500 | Batch 1250/4783 | Loss 0.0002 | Acc 1.0000 
2022-01-31 11:57:48,963 | Train Epoch 113/500 | Batch 1300/4783 | Loss 0.0003 | Acc 1.0000 
2022-01-31 11:58:16,379 | Train Epoch 113/500 | Batch 1350/4783 | Loss 0.0002 | Acc 1.0000 
2022-01-31 11:58:43,788 | Train Epoch 113/500 | Batch 1400/4783 | Loss 0.0002 | Acc 1.0000 
2022-01-31 11:59:13,559 | Train Epoch 113/500 | Batch 1450/4783 | Loss 0.0002 | Acc 1.0000 
2022-01-31 11:59:40,926 | Train Epoch 113/500 | Batch 1500/4783 | Loss 0.0005 | Acc 1.0000 
2022-01-31 12:00:08,290 | Train Epoch 113/500 | Batch 1550/4783 | Loss 0.0012 | Acc 1.0000 
2022-01-31 12:00:35,729 | Train Epoch 113/500 | Batch 1600/4783 | Loss 0.0001 | Acc 1.0000 
2022-01-31 12:01:03,162 | Train Epoch 113/500 | Batch 1650/4783 | Loss 0.0025 | Acc 1.0000 
2022-01-31 12:01:30,510 | Train Epoch 113/500 | Batch 1700/4783 | Loss 0.0003 | Acc 1.0000 
2022-01-31 12:01:57,892 | Train Epoch 113/500 | Batch 1750/4783 | Loss 0.0009 | Acc 1.0000 
2022-01-31 12:02:25,294 | Train Epoch 113/500 | Batch 1800/4783 | Loss 0.0010 | Acc 1.0000 
2022-01-31 12:02:52,677 | Train Epoch 113/500 | Batch 1850/4783 | Loss 0.0003 | Acc 1.0000 
2022-01-31 12:03:20,095 | Train Epoch 113/500 | Batch 1900/4783 | Loss 0.0004 | Acc 1.0000 
2022-01-31 12:03:50,687 | Train Epoch 113/500 | Batch 1950/4783 | Loss 0.0002 | Acc 1.0000 
2022-01-31 12:04:18,094 | Train Epoch 113/500 | Batch 2000/4783 | Loss 0.0002 | Acc 1.0000 
2022-01-31 12:04:45,580 | Train Epoch 113/500 | Batch 2050/4783 | Loss 0.0020 | Acc 1.0000 
2022-01-31 12:05:12,988 | Train Epoch 113/500 | Batch 2100/4783 | Loss 0.0001 | Acc 1.0000 
2022-01-31 12:05:40,495 | Train Epoch 113/500 | Batch 2150/4783 | Loss 0.0002 | Acc 1.0000 
2022-01-31 12:06:07,871 | Train Epoch 113/500 | Batch 2200/4783 | Loss 0.0009 | Acc 1.0000 
2022-01-31 12:06:35,317 | Train Epoch 113/500 | Batch 2250/4783 | Loss 0.0007 | Acc 1.0000 
2022-01-31 12:07:02,777 | Train Epoch 113/500 | Batch 2300/4783 | Loss 0.0005 | Acc 1.0000 
2022-01-31 12:07:30,138 | Train Epoch 113/500 | Batch 2350/4783 | Loss 0.0002 | Acc 1.0000 
2022-01-31 12:07:57,524 | Train Epoch 113/500 | Batch 2400/4783 | Loss 0.0006 | Acc 1.0000 
2022-01-31 12:08:25,016 | Train Epoch 113/500 | Batch 2450/4783 | Loss 0.0039 | Acc 1.0000 
2022-01-31 12:08:52,402 | Train Epoch 113/500 | Batch 2500/4783 | Loss 0.0004 | Acc 1.0000 
2022-01-31 12:09:19,847 | Train Epoch 113/500 | Batch 2550/4783 | Loss 0.0003 | Acc 1.0000 
2022-01-31 12:09:47,313 | Train Epoch 113/500 | Batch 2600/4783 | Loss 0.0012 | Acc 1.0000 
2022-01-31 12:10:14,815 | Train Epoch 113/500 | Batch 2650/4783 | Loss 0.0004 | Acc 1.0000 
2022-01-31 12:10:42,346 | Train Epoch 113/500 | Batch 2700/4783 | Loss 0.0003 | Acc 1.0000 
2022-01-31 12:11:09,885 | Train Epoch 113/500 | Batch 2750/4783 | Loss 0.0030 | Acc 1.0000 
2022-01-31 12:11:37,379 | Train Epoch 113/500 | Batch 2800/4783 | Loss 0.0006 | Acc 1.0000 
2022-01-31 12:12:04,872 | Train Epoch 113/500 | Batch 2850/4783 | Loss 0.0001 | Acc 1.0000 
2022-01-31 12:12:32,331 | Train Epoch 113/500 | Batch 2900/4783 | Loss 0.0022 | Acc 1.0000 
2022-01-31 12:13:00,008 | Train Epoch 113/500 | Batch 2950/4783 | Loss 0.0002 | Acc 1.0000 
2022-01-31 12:13:27,878 | Train Epoch 113/500 | Batch 3000/4783 | Loss 0.0004 | Acc 1.0000 
2022-01-31 12:13:55,413 | Train Epoch 113/500 | Batch 3050/4783 | Loss 0.0010 | Acc 1.0000 
2022-01-31 12:14:22,862 | Train Epoch 113/500 | Batch 3100/4783 | Loss 0.0002 | Acc 1.0000 
2022-01-31 12:14:50,274 | Train Epoch 113/500 | Batch 3150/4783 | Loss 0.0006 | Acc 1.0000 
2022-01-31 12:15:17,724 | Train Epoch 113/500 | Batch 3200/4783 | Loss 0.0002 | Acc 1.0000 
2022-01-31 12:15:45,085 | Train Epoch 113/500 | Batch 3250/4783 | Loss 0.0014 | Acc 1.0000 
2022-01-31 12:16:12,432 | Train Epoch 113/500 | Batch 3300/4783 | Loss 0.0003 | Acc 1.0000 
2022-01-31 12:16:39,698 | Train Epoch 113/500 | Batch 3350/4783 | Loss 0.0002 | Acc 1.0000 
2022-01-31 12:17:35,564 | Train Epoch 113/500 | Batch 3400/4783 | Loss 0.0001 | Acc 1.0000 
2022-01-31 12:18:43,852 | Train Epoch 113/500 | Batch 3450/4783 | Loss 0.0007 | Acc 1.0000 
2022-01-31 12:19:12,015 | Train Epoch 113/500 | Batch 3500/4783 | Loss 0.0045 | Acc 1.0000 
2022-01-31 12:19:39,465 | Train Epoch 113/500 | Batch 3550/4783 | Loss 0.0027 | Acc 1.0000 
2022-01-31 12:20:06,871 | Train Epoch 113/500 | Batch 3600/4783 | Loss 0.0003 | Acc 1.0000 
2022-01-31 12:20:34,330 | Train Epoch 113/500 | Batch 3650/4783 | Loss 0.0001 | Acc 1.0000 
2022-01-31 12:21:01,731 | Train Epoch 113/500 | Batch 3700/4783 | Loss 0.0004 | Acc 1.0000 
2022-01-31 12:21:29,069 | Train Epoch 113/500 | Batch 3750/4783 | Loss 0.0009 | Acc 1.0000 
2022-01-31 12:21:56,579 | Train Epoch 113/500 | Batch 3800/4783 | Loss 0.0280 | Acc 0.9688 
2022-01-31 12:22:23,927 | Train Epoch 113/500 | Batch 3850/4783 | Loss 0.0001 | Acc 1.0000 
2022-01-31 12:22:51,262 | Train Epoch 113/500 | Batch 3900/4783 | Loss 0.0084 | Acc 1.0000 
2022-01-31 12:23:18,677 | Train Epoch 113/500 | Batch 3950/4783 | Loss 0.0003 | Acc 1.0000 
2022-01-31 12:23:46,071 | Train Epoch 113/500 | Batch 4000/4783 | Loss 0.0022 | Acc 1.0000 
2022-01-31 12:24:13,487 | Train Epoch 113/500 | Batch 4050/4783 | Loss 0.0004 | Acc 1.0000 
2022-01-31 12:24:40,842 | Train Epoch 113/500 | Batch 4100/4783 | Loss 0.0007 | Acc 1.0000 
2022-01-31 12:25:08,335 | Train Epoch 113/500 | Batch 4150/4783 | Loss 0.0017 | Acc 1.0000 
2022-01-31 12:25:35,717 | Train Epoch 113/500 | Batch 4200/4783 | Loss 0.0005 | Acc 1.0000 
2022-01-31 12:26:03,056 | Train Epoch 113/500 | Batch 4250/4783 | Loss 0.0010 | Acc 1.0000 
2022-01-31 12:26:30,425 | Train Epoch 113/500 | Batch 4300/4783 | Loss 0.0001 | Acc 1.0000 
2022-01-31 12:26:57,843 | Train Epoch 113/500 | Batch 4350/4783 | Loss 0.0005 | Acc 1.0000 
2022-01-31 12:27:25,198 | Train Epoch 113/500 | Batch 4400/4783 | Loss 0.0016 | Acc 1.0000 
2022-01-31 12:27:52,595 | Train Epoch 113/500 | Batch 4450/4783 | Loss 0.0005 | Acc 1.0000 
2022-01-31 12:28:20,024 | Train Epoch 113/500 | Batch 4500/4783 | Loss 0.0010 | Acc 1.0000 
2022-01-31 12:28:47,372 | Train Epoch 113/500 | Batch 4550/4783 | Loss 0.0001 | Acc 1.0000 
2022-01-31 12:29:14,800 | Train Epoch 113/500 | Batch 4600/4783 | Loss 0.0003 | Acc 1.0000 
2022-01-31 12:29:42,194 | Train Epoch 113/500 | Batch 4650/4783 | Loss 0.0025 | Acc 1.0000 
2022-01-31 12:30:09,664 | Train Epoch 113/500 | Batch 4700/4783 | Loss 0.0003 | Acc 1.0000 
2022-01-31 12:30:37,036 | Train Epoch 113/500 | Batch 4750/4783 | Loss 0.0004 | Acc 1.0000 
2022-01-31 12:30:54,652 | Train Epoch Loss: 0.0011 | Accuracy: 0.9999

2022-01-31 12:30:57,855 | Validation Epoch 113/500 | Batch 0/1196 | Loss 0.5236 | Acc 0.9062 
2022-01-31 12:31:09,962 | Validation Epoch 113/500 | Batch 50/1196 | Loss 0.4219 | Acc 0.9375 
2022-01-31 12:31:28,119 | Validation Epoch 113/500 | Batch 100/1196 | Loss 0.2783 | Acc 0.9375 
2022-01-31 12:31:40,165 | Validation Epoch 113/500 | Batch 150/1196 | Loss 0.0670 | Acc 1.0000 
2022-01-31 12:31:52,397 | Validation Epoch 113/500 | Batch 200/1196 | Loss 0.1378 | Acc 0.9688 
2022-01-31 12:32:04,616 | Validation Epoch 113/500 | Batch 250/1196 | Loss 0.5008 | Acc 0.9375 
2022-01-31 12:32:22,379 | Validation Epoch 113/500 | Batch 300/1196 | Loss 0.3721 | Acc 0.9062 
2022-01-31 12:32:35,452 | Validation Epoch 113/500 | Batch 350/1196 | Loss 1.0280 | Acc 0.8438 
2022-01-31 12:32:47,518 | Validation Epoch 113/500 | Batch 400/1196 | Loss 0.8518 | Acc 0.8438 
2022-01-31 12:33:00,681 | Validation Epoch 113/500 | Batch 450/1196 | Loss 0.4761 | Acc 0.9062 
2022-01-31 12:33:18,086 | Validation Epoch 113/500 | Batch 500/1196 | Loss 0.3455 | Acc 0.9375 
2022-01-31 12:33:30,521 | Validation Epoch 113/500 | Batch 550/1196 | Loss 0.4459 | Acc 0.9062 
2022-01-31 12:33:47,362 | Validation Epoch 113/500 | Batch 600/1196 | Loss 0.2676 | Acc 0.9375 
2022-01-31 12:34:00,321 | Validation Epoch 113/500 | Batch 650/1196 | Loss 1.2858 | Acc 0.7812 
2022-01-31 12:34:12,724 | Validation Epoch 113/500 | Batch 700/1196 | Loss 0.5235 | Acc 0.9375 
2022-01-31 12:34:24,782 | Validation Epoch 113/500 | Batch 750/1196 | Loss 0.5340 | Acc 0.9062 
2022-01-31 12:34:36,646 | Validation Epoch 113/500 | Batch 800/1196 | Loss 0.2735 | Acc 0.9375 
2022-01-31 12:34:49,171 | Validation Epoch 113/500 | Batch 850/1196 | Loss 0.8787 | Acc 0.8125 
2022-01-31 12:35:01,125 | Validation Epoch 113/500 | Batch 900/1196 | Loss 0.4778 | Acc 0.8750 
2022-01-31 12:35:13,293 | Validation Epoch 113/500 | Batch 950/1196 | Loss 0.3141 | Acc 0.9062 
2022-01-31 12:35:25,286 | Validation Epoch 113/500 | Batch 1000/1196 | Loss 0.0467 | Acc 1.0000 
2022-01-31 12:35:44,092 | Validation Epoch 113/500 | Batch 1050/1196 | Loss 0.9544 | Acc 0.9062 
2022-01-31 12:35:55,979 | Validation Epoch 113/500 | Batch 1100/1196 | Loss 0.1798 | Acc 0.9688 
2022-01-31 12:36:08,608 | Validation Epoch 113/500 | Batch 1150/1196 | Loss 0.1462 | Acc 0.9375 
2022-01-31 12:36:19,189 | Validation Epoch Loss: 0.5183 | Accuracy: 0.9038

2022-01-31 12:36:23,691 | Train Epoch 114/500 | Batch 0/4783 | Loss 0.0065 | Acc 1.0000 
2022-01-31 12:36:51,254 | Train Epoch 114/500 | Batch 50/4783 | Loss 0.0002 | Acc 1.0000 
2022-01-31 12:37:18,831 | Train Epoch 114/500 | Batch 100/4783 | Loss 0.0004 | Acc 1.0000 
2022-01-31 12:37:46,352 | Train Epoch 114/500 | Batch 150/4783 | Loss 0.0002 | Acc 1.0000 
2022-01-31 12:38:13,772 | Train Epoch 114/500 | Batch 200/4783 | Loss 0.0004 | Acc 1.0000 
2022-01-31 12:38:41,184 | Train Epoch 114/500 | Batch 250/4783 | Loss 0.0008 | Acc 1.0000 
2022-01-31 12:39:08,567 | Train Epoch 114/500 | Batch 300/4783 | Loss 0.0001 | Acc 1.0000 
2022-01-31 12:39:35,985 | Train Epoch 114/500 | Batch 350/4783 | Loss 0.0005 | Acc 1.0000 
2022-01-31 12:40:03,410 | Train Epoch 114/500 | Batch 400/4783 | Loss 0.0001 | Acc 1.0000 
2022-01-31 12:40:30,784 | Train Epoch 114/500 | Batch 450/4783 | Loss 0.0001 | Acc 1.0000 
2022-01-31 12:40:58,229 | Train Epoch 114/500 | Batch 500/4783 | Loss 0.0009 | Acc 1.0000 
2022-01-31 12:41:25,730 | Train Epoch 114/500 | Batch 550/4783 | Loss 0.0003 | Acc 1.0000 
2022-01-31 12:41:53,090 | Train Epoch 114/500 | Batch 600/4783 | Loss 0.0002 | Acc 1.0000 
2022-01-31 12:42:20,487 | Train Epoch 114/500 | Batch 650/4783 | Loss 0.0011 | Acc 1.0000 
2022-01-31 12:42:47,852 | Train Epoch 114/500 | Batch 700/4783 | Loss 0.0004 | Acc 1.0000 
2022-01-31 12:43:15,303 | Train Epoch 114/500 | Batch 750/4783 | Loss 0.0008 | Acc 1.0000 
2022-01-31 12:43:42,732 | Train Epoch 114/500 | Batch 800/4783 | Loss 0.0002 | Acc 1.0000 
2022-01-31 12:44:10,147 | Train Epoch 114/500 | Batch 850/4783 | Loss 0.0010 | Acc 1.0000 
2022-01-31 12:44:37,599 | Train Epoch 114/500 | Batch 900/4783 | Loss 0.0005 | Acc 1.0000 
2022-01-31 12:45:04,970 | Train Epoch 114/500 | Batch 950/4783 | Loss 0.0010 | Acc 1.0000 
2022-01-31 12:45:32,405 | Train Epoch 114/500 | Batch 1000/4783 | Loss 0.0007 | Acc 1.0000 
2022-01-31 12:45:59,858 | Train Epoch 114/500 | Batch 1050/4783 | Loss 0.0012 | Acc 1.0000 
2022-01-31 12:46:27,265 | Train Epoch 114/500 | Batch 1100/4783 | Loss 0.0004 | Acc 1.0000 
2022-01-31 12:46:54,680 | Train Epoch 114/500 | Batch 1150/4783 | Loss 0.0006 | Acc 1.0000 
2022-01-31 12:47:22,126 | Train Epoch 114/500 | Batch 1200/4783 | Loss 0.0002 | Acc 1.0000 
2022-01-31 12:47:49,609 | Train Epoch 114/500 | Batch 1250/4783 | Loss 0.0016 | Acc 1.0000 
2022-01-31 12:48:17,090 | Train Epoch 114/500 | Batch 1300/4783 | Loss 0.0004 | Acc 1.0000 
2022-01-31 12:48:44,655 | Train Epoch 114/500 | Batch 1350/4783 | Loss 0.0001 | Acc 1.0000 
2022-01-31 12:49:12,039 | Train Epoch 114/500 | Batch 1400/4783 | Loss 0.0004 | Acc 1.0000 
2022-01-31 12:49:39,471 | Train Epoch 114/500 | Batch 1450/4783 | Loss 0.0003 | Acc 1.0000 
2022-01-31 12:50:06,967 | Train Epoch 114/500 | Batch 1500/4783 | Loss 0.0006 | Acc 1.0000 
2022-01-31 12:50:34,531 | Train Epoch 114/500 | Batch 1550/4783 | Loss 0.0022 | Acc 1.0000 
2022-01-31 12:51:01,903 | Train Epoch 114/500 | Batch 1600/4783 | Loss 0.0016 | Acc 1.0000 
2022-01-31 12:51:29,297 | Train Epoch 114/500 | Batch 1650/4783 | Loss 0.0007 | Acc 1.0000 
2022-01-31 12:51:56,716 | Train Epoch 114/500 | Batch 1700/4783 | Loss 0.0002 | Acc 1.0000 
2022-01-31 12:52:24,066 | Train Epoch 114/500 | Batch 1750/4783 | Loss 0.0009 | Acc 1.0000 
2022-01-31 12:52:51,538 | Train Epoch 114/500 | Batch 1800/4783 | Loss 0.0008 | Acc 1.0000 
2022-01-31 12:53:19,011 | Train Epoch 114/500 | Batch 1850/4783 | Loss 0.0003 | Acc 1.0000 
2022-01-31 12:53:46,428 | Train Epoch 114/500 | Batch 1900/4783 | Loss 0.0002 | Acc 1.0000 
2022-01-31 12:54:13,832 | Train Epoch 114/500 | Batch 1950/4783 | Loss 0.0006 | Acc 1.0000 
2022-01-31 12:54:41,208 | Train Epoch 114/500 | Batch 2000/4783 | Loss 0.0011 | Acc 1.0000 
2022-01-31 12:55:08,604 | Train Epoch 114/500 | Batch 2050/4783 | Loss 0.0007 | Acc 1.0000 
2022-01-31 12:55:35,973 | Train Epoch 114/500 | Batch 2100/4783 | Loss 0.0001 | Acc 1.0000 
2022-01-31 12:56:03,334 | Train Epoch 114/500 | Batch 2150/4783 | Loss 0.0004 | Acc 1.0000 
2022-01-31 12:56:30,772 | Train Epoch 114/500 | Batch 2200/4783 | Loss 0.0002 | Acc 1.0000 
2022-01-31 12:56:58,176 | Train Epoch 114/500 | Batch 2250/4783 | Loss 0.0003 | Acc 1.0000 
2022-01-31 12:57:25,652 | Train Epoch 114/500 | Batch 2300/4783 | Loss 0.0004 | Acc 1.0000 
2022-01-31 12:57:53,136 | Train Epoch 114/500 | Batch 2350/4783 | Loss 0.0004 | Acc 1.0000 
2022-01-31 12:58:20,503 | Train Epoch 114/500 | Batch 2400/4783 | Loss 0.0031 | Acc 1.0000 
2022-01-31 12:58:47,867 | Train Epoch 114/500 | Batch 2450/4783 | Loss 0.0035 | Acc 1.0000 
2022-01-31 12:59:15,231 | Train Epoch 114/500 | Batch 2500/4783 | Loss 0.0001 | Acc 1.0000 
2022-01-31 12:59:42,489 | Train Epoch 114/500 | Batch 2550/4783 | Loss 0.0004 | Acc 1.0000 
2022-01-31 13:00:09,743 | Train Epoch 114/500 | Batch 2600/4783 | Loss 0.0002 | Acc 1.0000 
2022-01-31 13:00:41,243 | Train Epoch 114/500 | Batch 2650/4783 | Loss 0.0001 | Acc 1.0000 
2022-01-31 13:01:08,599 | Train Epoch 114/500 | Batch 2700/4783 | Loss 0.0003 | Acc 1.0000 
2022-01-31 13:01:36,215 | Train Epoch 114/500 | Batch 2750/4783 | Loss 0.0001 | Acc 1.0000 
2022-01-31 13:02:03,626 | Train Epoch 114/500 | Batch 2800/4783 | Loss 0.0015 | Acc 1.0000 
2022-01-31 13:02:32,979 | Train Epoch 114/500 | Batch 2850/4783 | Loss 0.0003 | Acc 1.0000 
2022-01-31 13:03:00,408 | Train Epoch 114/500 | Batch 2900/4783 | Loss 0.0006 | Acc 1.0000 
2022-01-31 13:03:27,894 | Train Epoch 114/500 | Batch 2950/4783 | Loss 0.0012 | Acc 1.0000 
2022-01-31 13:03:55,332 | Train Epoch 114/500 | Batch 3000/4783 | Loss 0.0007 | Acc 1.0000 
2022-01-31 13:04:22,798 | Train Epoch 114/500 | Batch 3050/4783 | Loss 0.0003 | Acc 1.0000 
2022-01-31 13:04:50,426 | Train Epoch 114/500 | Batch 3100/4783 | Loss 0.0002 | Acc 1.0000 
2022-01-31 13:05:17,804 | Train Epoch 114/500 | Batch 3150/4783 | Loss 0.0002 | Acc 1.0000 
2022-01-31 13:05:45,181 | Train Epoch 114/500 | Batch 3200/4783 | Loss 0.0007 | Acc 1.0000 
2022-01-31 13:06:12,638 | Train Epoch 114/500 | Batch 3250/4783 | Loss 0.0001 | Acc 1.0000 
2022-01-31 13:06:39,993 | Train Epoch 114/500 | Batch 3300/4783 | Loss 0.0013 | Acc 1.0000 
2022-01-31 13:07:07,517 | Train Epoch 114/500 | Batch 3350/4783 | Loss 0.0004 | Acc 1.0000 
2022-01-31 13:07:34,968 | Train Epoch 114/500 | Batch 3400/4783 | Loss 0.0004 | Acc 1.0000 
2022-01-31 13:08:02,422 | Train Epoch 114/500 | Batch 3450/4783 | Loss 0.0004 | Acc 1.0000 
2022-01-31 13:08:29,796 | Train Epoch 114/500 | Batch 3500/4783 | Loss 0.0006 | Acc 1.0000 
2022-01-31 13:08:57,190 | Train Epoch 114/500 | Batch 3550/4783 | Loss 0.0001 | Acc 1.0000 
2022-01-31 13:09:24,760 | Train Epoch 114/500 | Batch 3600/4783 | Loss 0.0001 | Acc 1.0000 
2022-01-31 13:09:52,273 | Train Epoch 114/500 | Batch 3650/4783 | Loss 0.0002 | Acc 1.0000 
2022-01-31 13:10:19,679 | Train Epoch 114/500 | Batch 3700/4783 | Loss 0.0016 | Acc 1.0000 
2022-01-31 13:10:47,060 | Train Epoch 114/500 | Batch 3750/4783 | Loss 0.0001 | Acc 1.0000 
2022-01-31 13:11:14,475 | Train Epoch 114/500 | Batch 3800/4783 | Loss 0.0001 | Acc 1.0000 
2022-01-31 13:11:41,910 | Train Epoch 114/500 | Batch 3850/4783 | Loss 0.0007 | Acc 1.0000 
2022-01-31 13:12:09,284 | Train Epoch 114/500 | Batch 3900/4783 | Loss 0.0044 | Acc 1.0000 
2022-01-31 13:12:36,642 | Train Epoch 114/500 | Batch 3950/4783 | Loss 0.0003 | Acc 1.0000 
2022-01-31 13:13:03,991 | Train Epoch 114/500 | Batch 4000/4783 | Loss 0.0009 | Acc 1.0000 
2022-01-31 13:13:31,424 | Train Epoch 114/500 | Batch 4050/4783 | Loss 0.0006 | Acc 1.0000 
2022-01-31 13:13:58,878 | Train Epoch 114/500 | Batch 4100/4783 | Loss 0.0003 | Acc 1.0000 
2022-01-31 13:14:27,350 | Train Epoch 114/500 | Batch 4150/4783 | Loss 0.0002 | Acc 1.0000 
2022-01-31 13:14:54,831 | Train Epoch 114/500 | Batch 4200/4783 | Loss 0.0003 | Acc 1.0000 
2022-01-31 13:15:22,267 | Train Epoch 114/500 | Batch 4250/4783 | Loss 0.0005 | Acc 1.0000 
2022-01-31 13:15:49,684 | Train Epoch 114/500 | Batch 4300/4783 | Loss 0.0005 | Acc 1.0000 
2022-01-31 13:16:17,108 | Train Epoch 114/500 | Batch 4350/4783 | Loss 0.0005 | Acc 1.0000 
2022-01-31 13:16:44,559 | Train Epoch 114/500 | Batch 4400/4783 | Loss 0.0003 | Acc 1.0000 
2022-01-31 13:17:12,108 | Train Epoch 114/500 | Batch 4450/4783 | Loss 0.0005 | Acc 1.0000 
2022-01-31 13:17:39,457 | Train Epoch 114/500 | Batch 4500/4783 | Loss 0.0021 | Acc 1.0000 
2022-01-31 13:18:06,810 | Train Epoch 114/500 | Batch 4550/4783 | Loss 0.0007 | Acc 1.0000 
2022-01-31 13:18:34,239 | Train Epoch 114/500 | Batch 4600/4783 | Loss 0.0002 | Acc 1.0000 
2022-01-31 13:19:01,624 | Train Epoch 114/500 | Batch 4650/4783 | Loss 0.0003 | Acc 1.0000 
2022-01-31 13:19:29,006 | Train Epoch 114/500 | Batch 4700/4783 | Loss 0.0004 | Acc 1.0000 
2022-01-31 13:19:56,415 | Train Epoch 114/500 | Batch 4750/4783 | Loss 0.0020 | Acc 1.0000 
2022-01-31 13:20:14,071 | Train Epoch Loss: 0.0010 | Accuracy: 0.9999

2022-01-31 13:20:17,236 | Validation Epoch 114/500 | Batch 0/1196 | Loss 0.4538 | Acc 0.9062 
2022-01-31 13:20:29,365 | Validation Epoch 114/500 | Batch 50/1196 | Loss 0.4993 | Acc 0.9375 
2022-01-31 13:20:41,706 | Validation Epoch 114/500 | Batch 100/1196 | Loss 0.3102 | Acc 0.9375 
2022-01-31 13:20:54,032 | Validation Epoch 114/500 | Batch 150/1196 | Loss 0.0956 | Acc 0.9688 
2022-01-31 13:21:06,228 | Validation Epoch 114/500 | Batch 200/1196 | Loss 0.1258 | Acc 0.9688 
2022-01-31 13:21:18,316 | Validation Epoch 114/500 | Batch 250/1196 | Loss 0.4780 | Acc 0.9688 
2022-01-31 13:21:37,200 | Validation Epoch 114/500 | Batch 300/1196 | Loss 0.3244 | Acc 0.9375 
2022-01-31 13:21:49,411 | Validation Epoch 114/500 | Batch 350/1196 | Loss 1.1791 | Acc 0.8125 
2022-01-31 13:22:12,348 | Validation Epoch 114/500 | Batch 400/1196 | Loss 0.7687 | Acc 0.8125 
2022-01-31 13:22:30,800 | Validation Epoch 114/500 | Batch 450/1196 | Loss 0.4859 | Acc 0.9062 
2022-01-31 13:22:44,047 | Validation Epoch 114/500 | Batch 500/1196 | Loss 0.3472 | Acc 0.9375 
2022-01-31 13:22:56,516 | Validation Epoch 114/500 | Batch 550/1196 | Loss 0.4786 | Acc 0.9062 
2022-01-31 13:23:08,447 | Validation Epoch 114/500 | Batch 600/1196 | Loss 0.2091 | Acc 0.9688 
2022-01-31 13:23:20,504 | Validation Epoch 114/500 | Batch 650/1196 | Loss 1.2589 | Acc 0.8125 
2022-01-31 13:23:33,713 | Validation Epoch 114/500 | Batch 700/1196 | Loss 0.5146 | Acc 0.9375 
2022-01-31 13:23:45,520 | Validation Epoch 114/500 | Batch 750/1196 | Loss 0.4727 | Acc 0.8750 
2022-01-31 13:23:57,849 | Validation Epoch 114/500 | Batch 800/1196 | Loss 0.2299 | Acc 0.9375 
2022-01-31 13:24:09,460 | Validation Epoch 114/500 | Batch 850/1196 | Loss 0.9796 | Acc 0.8125 
2022-01-31 13:24:22,358 | Validation Epoch 114/500 | Batch 900/1196 | Loss 0.5353 | Acc 0.8438 
2022-01-31 13:24:34,574 | Validation Epoch 114/500 | Batch 950/1196 | Loss 0.3709 | Acc 0.9062 
2022-01-31 13:24:46,783 | Validation Epoch 114/500 | Batch 1000/1196 | Loss 0.0384 | Acc 1.0000 
2022-01-31 13:24:58,656 | Validation Epoch 114/500 | Batch 1050/1196 | Loss 0.9430 | Acc 0.9062 
2022-01-31 13:25:11,359 | Validation Epoch 114/500 | Batch 1100/1196 | Loss 0.1405 | Acc 0.9688 
2022-01-31 13:25:23,429 | Validation Epoch 114/500 | Batch 1150/1196 | Loss 0.1747 | Acc 0.9375 
2022-01-31 13:25:33,774 | Validation Epoch Loss: 0.5180 | Accuracy: 0.9042

